{"/home/gab/Github/Packages/npm-packages/test/index.js": {"path":"/home/gab/Github/Packages/npm-packages/test/index.js","statementMap":{"0":{"start":{"line":2,"column":1},"end":{"line":2,"column":12}},"1":{"start":{"line":5,"column":0},"end":{"line":5,"column":27}}},"fnMap":{"0":{"name":"addNumber","decl":{"start":{"line":1,"column":9},"end":{"line":1,"column":18}},"loc":{"start":{"line":1,"column":24},"end":{"line":3,"column":1}},"line":1}},"branchMap":{},"s":{"0":1,"1":1},"f":{"0":1},"b":{},"_coverageSchema":"1a1c01bbd47fc00a2c39e90264f33305004495a9","hash":"813a417baf632d31589b6b1f540e1a090caaea85"}
}
